<?xml version="1.0" encoding="UTF-8"?>
<!-- Generated by org.testng.reporters.JUnitXMLReporter -->
<testsuite ignored="0" hostname="DESKTOP-9QLAD2I" failures="0" tests="4" name="Test" time="0.082" errors="0" timestamp="2020-11-13T08:07:24 IST">
  <testcase classname="com.tester.DemoTest" name="test1" time="0.018"/>
  <testcase classname="com.tester.DemoTest" name="test2" time="0.001"/>
  <testcase classname="com.tester.Demo2Test" name="test3" time="0.002"/>
  <testcase classname="com.tester.Demo2Test" name="test4" time="0.001"/>
</testsuite> <!-- Test -->
